C51 COMPILER V9.60.7.0   MAIN                                                              10/07/2023 15:18:46 PAGE 1   


C51 COMPILER V9.60.7.0, COMPILATION OF MODULE MAIN
OBJECT MODULE PLACED IN .\Objects\main.obj
COMPILER INVOKED BY: C:\Keil_v5\C51\BIN\C51.EXE main.c OPTIMIZE(8,SPEED) BROWSE INCDIR(..\Include) DEFINE(FOSC_160000) D
                    -EBUG OBJECTEXTEND PRINT(.\Listings\main.lst) TABS(2) OBJECT(.\Objects\main.obj)

line level    source

   1          #include "N76E003.h"
   2          #include "SFR_Macro.h"
   3          #include "Function_define.h"
   4          #include "Common.h"
   5          #include "Delay.h"
   6          
   7          #define KEYPAD_PORT P1 // Assuming keypad is connected to Port 1
   8          #define BUZZER_PORT P2 // Buzzer connected to Port 2
   9          #define BUZZER_PIN P20 // Buzzer connected to Port 2, Pin 0 (P2.0)
  10          #define ROWS 4
  11          #define COLS 3
  12          
  13          unsigned char keypad[ROWS][COLS] = {
  14              {'1', '2', '3'},
  15              {'4', '5', '6'},
  16              {'7', '8', '9'},
  17              {'*', '0', '#'}
  18          };
  19          
  20          void delay_ms(unsigned int ms) {
  21   1          unsigned int i, j;
  22   1          for (i = 0; i < ms; i++) {
  23   2              for (j = 0; j < 120; j++) {
  24   3                  _nop_();
  25   3              }
  26   2          }
  27   1      }
  28          
  29          void initKeypad() {
  30   1          P1M1 = 0x00; // Set Port 1 as Quasi mode
  31   1          P1M2 = 0x00;
  32   1      }
  33          
  34          void initBuzzer() {
  35   1          BUZZER_PORT &= ~(1 << 0); // Set P2.0 as push-pull output
  36   1          BUZZER_PIN = 0; // Turn off the buzzer initially
  37   1      }
  38          
  39          void buzzerOn() {
  40   1          BUZZER_PIN = 1; // Turn on the buzzer
  41   1      }
  42          
  43          void buzzerOff() {
  44   1          BUZZER_PIN = 0; // Turn off the buzzer
  45   1      }
  46          
  47          char scanKeypad() {
  48   1          unsigned char i, j;
  49   1          for (i = 0; i < COLS; i++) {
  50   2              KEYPAD_PORT = 0xFF ^ (1 << (i + 4)); // Ground one column at a time
  51   2              for (j = 0; j < ROWS; j++) {
  52   3                  if (!(KEYPAD_PORT & (1 << j))) { // Check if the key is pressed
  53   4                      while (!(KEYPAD_PORT & (1 << j))); // Wait for key release
  54   4                      return keypad[j][i]; // Return the pressed key
C51 COMPILER V9.60.7.0   MAIN                                                              10/07/2023 15:18:46 PAGE 2   

  55   4                  }
  56   3              }
  57   2          }
  58   1          return '\0'; // No key pressed
  59   1      }
  60          
  61          void main() {
  62   1          char key;
  63   1          initKeypad();
  64   1          initBuzzer();
  65   1          while (1) {
  66   2              key = scanKeypad();
  67   2              if (key != '\0') {
  68   3                  buzzerOn(); // Turn on the buzzer when a key is pressed
  69   3                  printf("Key Pressed: %c\n", key); // Print the pressed key
  70   3                  delay_ms(100); // Add a delay to avoid multiple keypresses
  71   3                  buzzerOff(); // Turn off the buzzer
  72   3              }
  73   2          }
  74   1      }


MODULE INFORMATION:   STATIC OVERLAYABLE
   CODE SIZE        =    183    ----
   CONSTANT SIZE    =     17    ----
   XDATA SIZE       =   ----    ----
   PDATA SIZE       =   ----    ----
   DATA SIZE        =     12       1
   IDATA SIZE       =   ----    ----
   BIT SIZE         =   ----    ----
END OF MODULE INFORMATION.


C51 COMPILATION COMPLETE.  0 WARNING(S),  0 ERROR(S)
